<?xml version="1.0" encoding="UTF-8"?>
<!-- Generated by org.testng.reporters.JUnitReportReporter -->
<testsuite hostname="LAPTOP-9CMC27MQ" failures="0" tests="1" name="pack.MavenTestNG" time="0.000" errors="0" timestamp="15 Nov 2018 01:09:33 GMT" skipped="0">
  <testcase classname="pack.MavenTestNG" name="test" time="0.000"/>
</testsuite> <!-- pack.MavenTestNG -->
